{"C:\\Apps\\SWE5006\\backend\\src\\index.js": {"path":"C:\\Apps\\SWE5006\\backend\\src\\index.js","all":false,"statementMap":{"0":{"start":{"line":1,"column":0},"end":{"line":1,"column":32}},"1":{"start":{"line":2,"column":0},"end":{"line":2,"column":0}},"2":{"start":{"line":3,"column":0},"end":{"line":3,"column":38}},"3":{"start":{"line":4,"column":0},"end":{"line":4,"column":24}},"4":{"start":{"line":5,"column":0},"end":{"line":5,"column":63}},"5":{"start":{"line":6,"column":0},"end":{"line":6,"column":3}}},"s":{"0":1,"1":1,"2":1,"3":1,"4":1,"5":1},"branchMap":{"0":{"type":"branch","line":4,"loc":{"start":{"line":4,"column":17},"end":{"line":6,"column":2}},"locations":[{"start":{"line":4,"column":17},"end":{"line":6,"column":2}}]}},"b":{"0":[1]},"fnMap":{},"f":{}}
,"C:\\Apps\\SWE5006\\backend\\src\\server.js": {"path":"C:\\Apps\\SWE5006\\backend\\src\\server.js","all":false,"statementMap":{"0":{"start":{"line":1,"column":0},"end":{"line":1,"column":46}},"1":{"start":{"line":2,"column":0},"end":{"line":2,"column":35}},"2":{"start":{"line":3,"column":0},"end":{"line":3,"column":29}},"3":{"start":{"line":4,"column":0},"end":{"line":4,"column":61}},"4":{"start":{"line":5,"column":0},"end":{"line":5,"column":50}},"5":{"start":{"line":6,"column":0},"end":{"line":6,"column":22}},"6":{"start":{"line":7,"column":0},"end":{"line":7,"column":16}},"7":{"start":{"line":8,"column":0},"end":{"line":8,"column":24}},"8":{"start":{"line":9,"column":0},"end":{"line":9,"column":0}},"9":{"start":{"line":10,"column":0},"end":{"line":10,"column":30}},"10":{"start":{"line":11,"column":0},"end":{"line":11,"column":0}},"11":{"start":{"line":12,"column":0},"end":{"line":12,"column":23}},"12":{"start":{"line":13,"column":0},"end":{"line":13,"column":28}},"13":{"start":{"line":14,"column":0},"end":{"line":14,"column":41}},"14":{"start":{"line":15,"column":0},"end":{"line":15,"column":3}},"15":{"start":{"line":16,"column":0},"end":{"line":16,"column":0}},"16":{"start":{"line":17,"column":0},"end":{"line":17,"column":25}},"17":{"start":{"line":18,"column":0},"end":{"line":18,"column":21}}},"s":{"0":1,"1":1,"2":1,"3":1,"4":1,"5":1,"6":1,"7":1,"8":1,"9":1,"10":1,"11":1,"12":1,"13":2,"14":1,"15":1,"16":1,"17":1},"branchMap":{"0":{"type":"branch","line":1,"loc":{"start":{"line":1,"column":0},"end":{"line":10,"column":4}},"locations":[{"start":{"line":1,"column":0},"end":{"line":10,"column":4}}]},"1":{"type":"branch","line":13,"loc":{"start":{"line":13,"column":13},"end":{"line":15,"column":2}},"locations":[{"start":{"line":13,"column":13},"end":{"line":15,"column":2}}]}},"b":{"0":[1],"1":[2]},"fnMap":{},"f":{}}
,"C:\\Apps\\SWE5006\\backend\\src\\config\\db.js": {"path":"C:\\Apps\\SWE5006\\backend\\src\\config\\db.js","all":false,"statementMap":{"0":{"start":{"line":1,"column":0},"end":{"line":1,"column":31}},"1":{"start":{"line":2,"column":0},"end":{"line":2,"column":27}},"2":{"start":{"line":3,"column":0},"end":{"line":3,"column":0}},"3":{"start":{"line":4,"column":0},"end":{"line":4,"column":0}},"4":{"start":{"line":5,"column":0},"end":{"line":5,"column":37}},"5":{"start":{"line":6,"column":0},"end":{"line":6,"column":36}},"6":{"start":{"line":7,"column":0},"end":{"line":7,"column":36}},"7":{"start":{"line":8,"column":0},"end":{"line":8,"column":40}},"8":{"start":{"line":9,"column":0},"end":{"line":9,"column":44}},"9":{"start":{"line":10,"column":0},"end":{"line":10,"column":36}},"10":{"start":{"line":11,"column":0},"end":{"line":11,"column":3}},"11":{"start":{"line":12,"column":0},"end":{"line":12,"column":0}},"12":{"start":{"line":13,"column":0},"end":{"line":13,"column":23}},"13":{"start":{"line":14,"column":0},"end":{"line":14,"column":36}},"14":{"start":{"line":15,"column":0},"end":{"line":15,"column":36}},"15":{"start":{"line":16,"column":0},"end":{"line":16,"column":40}},"16":{"start":{"line":17,"column":0},"end":{"line":17,"column":44}},"17":{"start":{"line":18,"column":0},"end":{"line":18,"column":38}},"18":{"start":{"line":19,"column":0},"end":{"line":19,"column":3}},"19":{"start":{"line":20,"column":0},"end":{"line":20,"column":0}},"20":{"start":{"line":21,"column":0},"end":{"line":21,"column":0}},"21":{"start":{"line":22,"column":0},"end":{"line":22,"column":14}},"22":{"start":{"line":23,"column":0},"end":{"line":23,"column":58}},"23":{"start":{"line":24,"column":0},"end":{"line":24,"column":6}},"24":{"start":{"line":25,"column":0},"end":{"line":25,"column":80}},"25":{"start":{"line":26,"column":0},"end":{"line":26,"column":0}},"26":{"start":{"line":27,"column":0},"end":{"line":27,"column":22}}},"s":{"0":5,"1":5,"2":5,"3":5,"4":5,"5":5,"6":5,"7":5,"8":5,"9":5,"10":5,"11":5,"12":5,"13":5,"14":5,"15":5,"16":5,"17":5,"18":5,"19":5,"20":5,"21":1,"22":1,"23":1,"24":1,"25":1,"26":1},"branchMap":{"0":{"type":"branch","line":1,"loc":{"start":{"line":1,"column":0},"end":{"line":22,"column":5}},"locations":[{"start":{"line":1,"column":0},"end":{"line":22,"column":5}}]},"1":{"type":"branch","line":15,"loc":{"start":{"line":15,"column":10},"end":{"line":16,"column":39}},"locations":[{"start":{"line":15,"column":10},"end":{"line":16,"column":39}}]},"2":{"type":"branch","line":23,"loc":{"start":{"line":23,"column":10},"end":{"line":24,"column":5}},"locations":[{"start":{"line":23,"column":10},"end":{"line":24,"column":5}}]}},"b":{"0":[5],"1":[5],"2":[3]},"fnMap":{},"f":{}}
,"C:\\Apps\\SWE5006\\backend\\src\\controllers\\userController.js": {"path":"C:\\Apps\\SWE5006\\backend\\src\\controllers\\userController.js","all":false,"statementMap":{"0":{"start":{"line":1,"column":0},"end":{"line":1,"column":49}},"1":{"start":{"line":2,"column":0},"end":{"line":2,"column":16}},"2":{"start":{"line":3,"column":0},"end":{"line":3,"column":41}},"3":{"start":{"line":4,"column":0},"end":{"line":4,"column":9}},"4":{"start":{"line":5,"column":0},"end":{"line":5,"column":47}},"5":{"start":{"line":6,"column":0},"end":{"line":6,"column":24}},"6":{"start":{"line":7,"column":0},"end":{"line":7,"column":21}},"7":{"start":{"line":8,"column":0},"end":{"line":8,"column":29}},"8":{"start":{"line":9,"column":0},"end":{"line":9,"column":58}},"9":{"start":{"line":10,"column":0},"end":{"line":10,"column":5}},"10":{"start":{"line":11,"column":0},"end":{"line":11,"column":2}},"11":{"start":{"line":12,"column":0},"end":{"line":12,"column":19}},"12":{"start":{"line":13,"column":0},"end":{"line":13,"column":41}},"13":{"start":{"line":14,"column":0},"end":{"line":14,"column":9}},"14":{"start":{"line":15,"column":0},"end":{"line":15,"column":60}},"15":{"start":{"line":16,"column":0},"end":{"line":16,"column":20}},"16":{"start":{"line":17,"column":0},"end":{"line":17,"column":71}},"17":{"start":{"line":18,"column":0},"end":{"line":18,"column":9}},"18":{"start":{"line":19,"column":0},"end":{"line":19,"column":23}},"19":{"start":{"line":20,"column":0},"end":{"line":20,"column":21}},"20":{"start":{"line":21,"column":0},"end":{"line":21,"column":29}},"21":{"start":{"line":22,"column":0},"end":{"line":22,"column":58}},"22":{"start":{"line":23,"column":0},"end":{"line":23,"column":5}},"23":{"start":{"line":24,"column":0},"end":{"line":24,"column":2}},"24":{"start":{"line":25,"column":0},"end":{"line":25,"column":20}},"25":{"start":{"line":26,"column":0},"end":{"line":26,"column":40}},"26":{"start":{"line":27,"column":0},"end":{"line":27,"column":9}},"27":{"start":{"line":28,"column":0},"end":{"line":28,"column":31}},"28":{"start":{"line":29,"column":0},"end":{"line":29,"column":76}},"29":{"start":{"line":30,"column":0},"end":{"line":30,"column":0}},"30":{"start":{"line":31,"column":0},"end":{"line":31,"column":48}},"31":{"start":{"line":32,"column":0},"end":{"line":32,"column":80}},"32":{"start":{"line":33,"column":0},"end":{"line":33,"column":9}},"33":{"start":{"line":34,"column":0},"end":{"line":34,"column":0}},"34":{"start":{"line":35,"column":0},"end":{"line":35,"column":64}},"35":{"start":{"line":36,"column":0},"end":{"line":36,"column":25}},"36":{"start":{"line":37,"column":0},"end":{"line":37,"column":9}},"37":{"start":{"line":38,"column":0},"end":{"line":38,"column":80}},"38":{"start":{"line":39,"column":0},"end":{"line":39,"column":9}},"39":{"start":{"line":40,"column":0},"end":{"line":40,"column":99}},"40":{"start":{"line":41,"column":0},"end":{"line":41,"column":86}},"41":{"start":{"line":42,"column":0},"end":{"line":42,"column":21}},"42":{"start":{"line":43,"column":0},"end":{"line":43,"column":29}},"43":{"start":{"line":44,"column":0},"end":{"line":44,"column":58}},"44":{"start":{"line":45,"column":0},"end":{"line":45,"column":5}},"45":{"start":{"line":46,"column":0},"end":{"line":46,"column":2}},"46":{"start":{"line":47,"column":0},"end":{"line":47,"column":14}},"47":{"start":{"line":48,"column":0},"end":{"line":48,"column":40}},"48":{"start":{"line":49,"column":0},"end":{"line":49,"column":9}},"49":{"start":{"line":50,"column":0},"end":{"line":50,"column":76}},"50":{"start":{"line":51,"column":0},"end":{"line":51,"column":118}},"51":{"start":{"line":52,"column":0},"end":{"line":52,"column":0}},"52":{"start":{"line":53,"column":0},"end":{"line":53,"column":27}},"53":{"start":{"line":54,"column":0},"end":{"line":54,"column":71}},"54":{"start":{"line":55,"column":0},"end":{"line":55,"column":9}},"55":{"start":{"line":56,"column":0},"end":{"line":56,"column":0}},"56":{"start":{"line":57,"column":0},"end":{"line":57,"column":78}},"57":{"start":{"line":58,"column":0},"end":{"line":58,"column":21}},"58":{"start":{"line":59,"column":0},"end":{"line":59,"column":29}},"59":{"start":{"line":60,"column":0},"end":{"line":60,"column":58}},"60":{"start":{"line":61,"column":0},"end":{"line":61,"column":5}},"61":{"start":{"line":62,"column":0},"end":{"line":62,"column":2}},"62":{"start":{"line":63,"column":0},"end":{"line":63,"column":14}},"63":{"start":{"line":64,"column":0},"end":{"line":64,"column":40}},"64":{"start":{"line":65,"column":0},"end":{"line":65,"column":9}},"65":{"start":{"line":66,"column":0},"end":{"line":66,"column":66}},"66":{"start":{"line":67,"column":0},"end":{"line":67,"column":23}},"67":{"start":{"line":68,"column":0},"end":{"line":68,"column":71}},"68":{"start":{"line":69,"column":0},"end":{"line":69,"column":9}},"69":{"start":{"line":70,"column":0},"end":{"line":70,"column":59}},"70":{"start":{"line":71,"column":0},"end":{"line":71,"column":21}},"71":{"start":{"line":72,"column":0},"end":{"line":72,"column":29}},"72":{"start":{"line":73,"column":0},"end":{"line":73,"column":58}},"73":{"start":{"line":74,"column":0},"end":{"line":74,"column":5}},"74":{"start":{"line":75,"column":0},"end":{"line":75,"column":2}},"75":{"start":{"line":76,"column":0},"end":{"line":76,"column":18}},"76":{"start":{"line":77,"column":0},"end":{"line":77,"column":16}},"77":{"start":{"line":78,"column":0},"end":{"line":78,"column":16}},"78":{"start":{"line":79,"column":0},"end":{"line":79,"column":15}},"79":{"start":{"line":80,"column":0},"end":{"line":80,"column":15}},"80":{"start":{"line":81,"column":0},"end":{"line":81,"column":14}},"81":{"start":{"line":82,"column":0},"end":{"line":82,"column":2}}},"s":{"0":1,"1":0,"2":0,"3":1,"4":1,"5":1,"6":1,"7":1,"8":1,"9":0,"10":0,"11":0,"12":1,"13":2,"14":2,"15":2,"16":1,"17":1,"18":1,"19":1,"20":1,"21":1,"22":1,"23":1,"24":1,"25":1,"26":3,"27":3,"28":3,"29":3,"30":3,"31":1,"32":1,"33":2,"34":2,"35":2,"36":3,"37":1,"38":1,"39":1,"40":1,"41":1,"42":1,"43":1,"44":1,"45":1,"46":1,"47":1,"48":2,"49":2,"50":2,"51":2,"52":2,"53":1,"54":1,"55":1,"56":1,"57":1,"58":1,"59":1,"60":0,"61":0,"62":0,"63":1,"64":2,"65":2,"66":2,"67":1,"68":1,"69":1,"70":2,"71":0,"72":0,"73":0,"74":2,"75":1,"76":1,"77":1,"78":1,"79":1,"80":1,"81":1},"branchMap":{"0":{"type":"branch","line":1,"loc":{"start":{"line":1,"column":0},"end":{"line":72,"column":22}},"locations":[{"start":{"line":1,"column":0},"end":{"line":72,"column":22}}]},"1":{"type":"branch","line":1,"loc":{"start":{"line":1,"column":0},"end":{"line":5,"column":13}},"locations":[{"start":{"line":1,"column":0},"end":{"line":5,"column":13}}]},"2":{"type":"branch","line":1,"loc":{"start":{"line":1,"column":18},"end":{"line":5,"column":13}},"locations":[{"start":{"line":1,"column":18},"end":{"line":5,"column":13}}]},"3":{"type":"branch","line":3,"loc":{"start":{"line":3,"column":20},"end":{"line":11,"column":2}},"locations":[{"start":{"line":3,"column":20},"end":{"line":11,"column":2}}]},"4":{"type":"branch","line":7,"loc":{"start":{"line":7,"column":6},"end":{"line":10,"column":5}},"locations":[{"start":{"line":7,"column":6},"end":{"line":10,"column":5}}]},"5":{"type":"branch","line":6,"loc":{"start":{"line":6,"column":7},"end":{"line":17,"column":49}},"locations":[{"start":{"line":6,"column":7},"end":{"line":17,"column":49}}]},"6":{"type":"branch","line":9,"loc":{"start":{"line":9,"column":41},"end":{"line":13,"column":35}},"locations":[{"start":{"line":9,"column":41},"end":{"line":13,"column":35}}]},"7":{"type":"branch","line":15,"loc":{"start":{"line":15,"column":14},"end":{"line":17,"column":49}},"locations":[{"start":{"line":15,"column":14},"end":{"line":17,"column":49}}]},"8":{"type":"branch","line":13,"loc":{"start":{"line":13,"column":20},"end":{"line":24,"column":2}},"locations":[{"start":{"line":13,"column":20},"end":{"line":24,"column":2}}]},"9":{"type":"branch","line":16,"loc":{"start":{"line":16,"column":19},"end":{"line":20,"column":6}},"locations":[{"start":{"line":16,"column":19},"end":{"line":20,"column":6}}]},"10":{"type":"branch","line":20,"loc":{"start":{"line":20,"column":6},"end":{"line":23,"column":5}},"locations":[{"start":{"line":20,"column":6},"end":{"line":23,"column":5}}]},"11":{"type":"branch","line":19,"loc":{"start":{"line":19,"column":5},"end":{"line":41,"column":22}},"locations":[{"start":{"line":19,"column":5},"end":{"line":41,"column":22}}]},"12":{"type":"branch","line":26,"loc":{"start":{"line":26,"column":26},"end":{"line":29,"column":42}},"locations":[{"start":{"line":26,"column":26},"end":{"line":29,"column":42}}]},"13":{"type":"branch","line":32,"loc":{"start":{"line":32,"column":10},"end":{"line":35,"column":8}},"locations":[{"start":{"line":32,"column":10},"end":{"line":35,"column":8}}]},"14":{"type":"branch","line":40,"loc":{"start":{"line":40,"column":7},"end":{"line":41,"column":19}},"locations":[{"start":{"line":40,"column":7},"end":{"line":41,"column":19}}]},"15":{"type":"branch","line":26,"loc":{"start":{"line":26,"column":19},"end":{"line":46,"column":2}},"locations":[{"start":{"line":26,"column":19},"end":{"line":46,"column":2}}]},"16":{"type":"branch","line":31,"loc":{"start":{"line":31,"column":33},"end":{"line":31,"column":45}},"locations":[{"start":{"line":31,"column":33},"end":{"line":31,"column":45}}]},"17":{"type":"branch","line":31,"loc":{"start":{"line":31,"column":47},"end":{"line":33,"column":9}},"locations":[{"start":{"line":31,"column":47},"end":{"line":33,"column":9}}]},"18":{"type":"branch","line":33,"loc":{"start":{"line":33,"column":8},"end":{"line":37,"column":8}},"locations":[{"start":{"line":33,"column":8},"end":{"line":37,"column":8}}]},"19":{"type":"branch","line":37,"loc":{"start":{"line":37,"column":8},"end":{"line":42,"column":6}},"locations":[{"start":{"line":37,"column":8},"end":{"line":42,"column":6}}]},"20":{"type":"branch","line":42,"loc":{"start":{"line":42,"column":6},"end":{"line":45,"column":5}},"locations":[{"start":{"line":42,"column":6},"end":{"line":45,"column":5}}]},"21":{"type":"branch","line":41,"loc":{"start":{"line":41,"column":54},"end":{"line":57,"column":16}},"locations":[{"start":{"line":41,"column":54},"end":{"line":57,"column":16}}]},"22":{"type":"branch","line":50,"loc":{"start":{"line":50,"column":34},"end":{"line":51,"column":50}},"locations":[{"start":{"line":50,"column":34},"end":{"line":51,"column":50}}]},"23":{"type":"branch","line":53,"loc":{"start":{"line":53,"column":13},"end":{"line":57,"column":11}},"locations":[{"start":{"line":53,"column":13},"end":{"line":57,"column":11}}]},"24":{"type":"branch","line":48,"loc":{"start":{"line":48,"column":19},"end":{"line":62,"column":2}},"locations":[{"start":{"line":48,"column":19},"end":{"line":62,"column":2}}]},"25":{"type":"branch","line":53,"loc":{"start":{"line":53,"column":26},"end":{"line":58,"column":6}},"locations":[{"start":{"line":53,"column":26},"end":{"line":58,"column":6}}]},"26":{"type":"branch","line":58,"loc":{"start":{"line":58,"column":6},"end":{"line":61,"column":5}},"locations":[{"start":{"line":58,"column":6},"end":{"line":61,"column":5}}]},"27":{"type":"branch","line":57,"loc":{"start":{"line":57,"column":42},"end":{"line":69,"column":5}},"locations":[{"start":{"line":57,"column":42},"end":{"line":69,"column":5}}]},"28":{"type":"branch","line":60,"loc":{"start":{"line":60,"column":41},"end":{"line":64,"column":39}},"locations":[{"start":{"line":60,"column":41},"end":{"line":64,"column":39}}]},"29":{"type":"branch","line":66,"loc":{"start":{"line":66,"column":55},"end":{"line":69,"column":2}},"locations":[{"start":{"line":66,"column":55},"end":{"line":69,"column":2}}]},"30":{"type":"branch","line":64,"loc":{"start":{"line":64,"column":19},"end":{"line":75,"column":2}},"locations":[{"start":{"line":64,"column":19},"end":{"line":75,"column":2}}]},"31":{"type":"branch","line":67,"loc":{"start":{"line":67,"column":22},"end":{"line":71,"column":6}},"locations":[{"start":{"line":67,"column":22},"end":{"line":71,"column":6}}]},"32":{"type":"branch","line":71,"loc":{"start":{"line":71,"column":6},"end":{"line":74,"column":5}},"locations":[{"start":{"line":71,"column":6},"end":{"line":74,"column":5}}]}},"b":{"0":[3],"1":[1],"2":[0],"3":[1],"4":[0],"5":[1],"6":[0],"7":[0],"8":[2],"9":[1],"10":[0],"11":[1],"12":[0],"13":[0],"14":[0],"15":[3],"16":[2],"17":[1],"18":[2],"19":[1],"20":[0],"21":[1],"22":[0],"23":[0],"24":[2],"25":[1],"26":[0],"27":[1],"28":[0],"29":[0],"30":[2],"31":[1],"32":[0]},"fnMap":{"0":{"name":"getAllUsers","decl":{"start":{"line":1,"column":0},"end":{"line":5,"column":13}},"loc":{"start":{"line":1,"column":0},"end":{"line":5,"column":13}},"line":1},"1":{"name":"getAllUsers","decl":{"start":{"line":3,"column":20},"end":{"line":11,"column":2}},"loc":{"start":{"line":3,"column":20},"end":{"line":11,"column":2}},"line":3},"2":{"name":"getUserById","decl":{"start":{"line":6,"column":7},"end":{"line":17,"column":49}},"loc":{"start":{"line":6,"column":7},"end":{"line":17,"column":49}},"line":6},"3":{"name":"getUserById","decl":{"start":{"line":13,"column":20},"end":{"line":24,"column":2}},"loc":{"start":{"line":13,"column":20},"end":{"line":24,"column":2}},"line":13},"4":{"name":"createUser","decl":{"start":{"line":19,"column":5},"end":{"line":41,"column":22}},"loc":{"start":{"line":19,"column":5},"end":{"line":41,"column":22}},"line":19},"5":{"name":"createUser","decl":{"start":{"line":26,"column":19},"end":{"line":46,"column":2}},"loc":{"start":{"line":26,"column":19},"end":{"line":46,"column":2}},"line":26},"6":{"name":"updateUser","decl":{"start":{"line":41,"column":54},"end":{"line":57,"column":16}},"loc":{"start":{"line":41,"column":54},"end":{"line":57,"column":16}},"line":41},"7":{"name":"updateUser","decl":{"start":{"line":48,"column":19},"end":{"line":62,"column":2}},"loc":{"start":{"line":48,"column":19},"end":{"line":62,"column":2}},"line":48},"8":{"name":"deleteUser","decl":{"start":{"line":57,"column":42},"end":{"line":69,"column":5}},"loc":{"start":{"line":57,"column":42},"end":{"line":69,"column":5}},"line":57},"9":{"name":"deleteUser","decl":{"start":{"line":64,"column":19},"end":{"line":75,"column":2}},"loc":{"start":{"line":64,"column":19},"end":{"line":75,"column":2}},"line":64}},"f":{"0":1,"1":1,"2":1,"3":2,"4":1,"5":3,"6":1,"7":2,"8":1,"9":2}}
,"C:\\Apps\\SWE5006\\backend\\src\\models\\userModel.js": {"path":"C:\\Apps\\SWE5006\\backend\\src\\models\\userModel.js","all":false,"statementMap":{"0":{"start":{"line":1,"column":0},"end":{"line":1,"column":62}},"1":{"start":{"line":2,"column":0},"end":{"line":2,"column":0}},"2":{"start":{"line":3,"column":0},"end":{"line":3,"column":16}},"3":{"start":{"line":4,"column":0},"end":{"line":4,"column":28}},"4":{"start":{"line":5,"column":0},"end":{"line":5,"column":63}},"5":{"start":{"line":6,"column":0},"end":{"line":6,"column":16}},"6":{"start":{"line":7,"column":0},"end":{"line":7,"column":2}},"7":{"start":{"line":8,"column":0},"end":{"line":8,"column":0}},"8":{"start":{"line":9,"column":0},"end":{"line":9,"column":17}},"9":{"start":{"line":10,"column":0},"end":{"line":10,"column":31}},"10":{"start":{"line":11,"column":0},"end":{"line":11,"column":88}},"11":{"start":{"line":12,"column":0},"end":{"line":12,"column":48}},"12":{"start":{"line":13,"column":0},"end":{"line":13,"column":2}},"13":{"start":{"line":14,"column":0},"end":{"line":14,"column":0}},"14":{"start":{"line":15,"column":0},"end":{"line":15,"column":17}},"15":{"start":{"line":16,"column":0},"end":{"line":16,"column":37}},"16":{"start":{"line":17,"column":0},"end":{"line":17,"column":94}},"17":{"start":{"line":18,"column":0},"end":{"line":18,"column":48}},"18":{"start":{"line":19,"column":0},"end":{"line":19,"column":3}},"19":{"start":{"line":20,"column":0},"end":{"line":20,"column":0}},"20":{"start":{"line":21,"column":0},"end":{"line":21,"column":20}},"21":{"start":{"line":22,"column":0},"end":{"line":22,"column":78}},"22":{"start":{"line":23,"column":0},"end":{"line":23,"column":23}},"23":{"start":{"line":24,"column":0},"end":{"line":24,"column":38}},"24":{"start":{"line":25,"column":0},"end":{"line":25,"column":122}},"25":{"start":{"line":26,"column":0},"end":{"line":26,"column":64}},"26":{"start":{"line":27,"column":0},"end":{"line":27,"column":56}},"27":{"start":{"line":28,"column":0},"end":{"line":28,"column":6}},"28":{"start":{"line":29,"column":0},"end":{"line":29,"column":42}},"29":{"start":{"line":30,"column":0},"end":{"line":30,"column":2}},"30":{"start":{"line":31,"column":0},"end":{"line":31,"column":0}},"31":{"start":{"line":32,"column":0},"end":{"line":32,"column":20}},"32":{"start":{"line":33,"column":0},"end":{"line":33,"column":82}},"33":{"start":{"line":34,"column":0},"end":{"line":34,"column":38}},"34":{"start":{"line":35,"column":0},"end":{"line":35,"column":24}},"35":{"start":{"line":36,"column":0},"end":{"line":36,"column":124}},"36":{"start":{"line":37,"column":0},"end":{"line":37,"column":41}},"37":{"start":{"line":38,"column":0},"end":{"line":38,"column":60}},"38":{"start":{"line":39,"column":0},"end":{"line":39,"column":6}},"39":{"start":{"line":40,"column":0},"end":{"line":40,"column":42}},"40":{"start":{"line":41,"column":0},"end":{"line":41,"column":2}},"41":{"start":{"line":42,"column":0},"end":{"line":42,"column":0}},"42":{"start":{"line":43,"column":0},"end":{"line":43,"column":20}},"43":{"start":{"line":44,"column":0},"end":{"line":44,"column":34}},"44":{"start":{"line":45,"column":0},"end":{"line":45,"column":90}},"45":{"start":{"line":46,"column":0},"end":{"line":46,"column":67}},"46":{"start":{"line":47,"column":0},"end":{"line":47,"column":2}},"47":{"start":{"line":48,"column":0},"end":{"line":48,"column":0}},"48":{"start":{"line":49,"column":0},"end":{"line":49,"column":76}}},"s":{"0":4,"1":3,"2":3,"3":3,"4":1,"5":1,"6":1,"7":3,"8":4,"9":4,"10":3,"11":3,"12":3,"13":3,"14":3,"15":4,"16":1,"17":2,"18":2,"19":2,"20":2,"21":2,"22":1,"23":1,"24":1,"25":1,"26":3,"27":3,"28":3,"29":3,"30":3,"31":3,"32":3,"33":1,"34":1,"35":1,"36":1,"37":3,"38":3,"39":3,"40":3,"41":3,"42":3,"43":4,"44":1,"45":1,"46":1,"47":1,"48":1},"branchMap":{"0":{"type":"branch","line":1,"loc":{"start":{"line":1,"column":0},"end":{"line":45,"column":62}},"locations":[{"start":{"line":1,"column":0},"end":{"line":45,"column":62}}]},"1":{"type":"branch","line":1,"loc":{"start":{"line":1,"column":0},"end":{"line":1,"column":13}},"locations":[{"start":{"line":1,"column":0},"end":{"line":1,"column":13}}]},"2":{"type":"branch","line":1,"loc":{"start":{"line":1,"column":52},"end":{"line":9,"column":11}},"locations":[{"start":{"line":1,"column":52},"end":{"line":9,"column":11}}]},"3":{"type":"branch","line":4,"loc":{"start":{"line":4,"column":15},"end":{"line":7,"column":2}},"locations":[{"start":{"line":4,"column":15},"end":{"line":7,"column":2}}]},"4":{"type":"branch","line":10,"loc":{"start":{"line":10,"column":16},"end":{"line":13,"column":2}},"locations":[{"start":{"line":10,"column":16},"end":{"line":13,"column":2}}]},"5":{"type":"branch","line":11,"loc":{"start":{"line":11,"column":0},"end":{"line":16,"column":5}},"locations":[{"start":{"line":11,"column":0},"end":{"line":16,"column":5}}]},"6":{"type":"branch","line":16,"loc":{"start":{"line":16,"column":19},"end":{"line":19,"column":2}},"locations":[{"start":{"line":16,"column":19},"end":{"line":19,"column":2}}]},"7":{"type":"branch","line":17,"loc":{"start":{"line":17,"column":4},"end":{"line":25,"column":120}},"locations":[{"start":{"line":17,"column":4},"end":{"line":25,"column":120}}]},"8":{"type":"branch","line":22,"loc":{"start":{"line":22,"column":15},"end":{"line":30,"column":2}},"locations":[{"start":{"line":22,"column":15},"end":{"line":30,"column":2}}]},"9":{"type":"branch","line":26,"loc":{"start":{"line":26,"column":33},"end":{"line":36,"column":100}},"locations":[{"start":{"line":26,"column":33},"end":{"line":36,"column":100}}]},"10":{"type":"branch","line":33,"loc":{"start":{"line":33,"column":15},"end":{"line":41,"column":2}},"locations":[{"start":{"line":33,"column":15},"end":{"line":41,"column":2}}]},"11":{"type":"branch","line":37,"loc":{"start":{"line":37,"column":15},"end":{"line":44,"column":16}},"locations":[{"start":{"line":37,"column":15},"end":{"line":44,"column":16}}]},"12":{"type":"branch","line":44,"loc":{"start":{"line":44,"column":19},"end":{"line":47,"column":2}},"locations":[{"start":{"line":44,"column":19},"end":{"line":47,"column":2}}]}},"b":{"0":[4],"1":[2],"2":[3],"3":[1],"4":[1],"5":[3],"6":[1],"7":[2],"8":[1],"9":[3],"10":[1],"11":[3],"12":[1]},"fnMap":{"0":{"name":"getAll","decl":{"start":{"line":1,"column":0},"end":{"line":1,"column":13}},"loc":{"start":{"line":1,"column":0},"end":{"line":1,"column":13}},"line":1},"1":{"name":"getById","decl":{"start":{"line":1,"column":52},"end":{"line":9,"column":11}},"loc":{"start":{"line":1,"column":52},"end":{"line":9,"column":11}},"line":1},"2":{"name":"getAll","decl":{"start":{"line":4,"column":15},"end":{"line":7,"column":2}},"loc":{"start":{"line":4,"column":15},"end":{"line":7,"column":2}},"line":4},"3":{"name":"getById","decl":{"start":{"line":10,"column":16},"end":{"line":13,"column":2}},"loc":{"start":{"line":10,"column":16},"end":{"line":13,"column":2}},"line":10},"4":{"name":"getByEmail","decl":{"start":{"line":11,"column":0},"end":{"line":16,"column":5}},"loc":{"start":{"line":11,"column":0},"end":{"line":16,"column":5}},"line":11},"5":{"name":"getByEmail","decl":{"start":{"line":16,"column":19},"end":{"line":19,"column":2}},"loc":{"start":{"line":16,"column":19},"end":{"line":19,"column":2}},"line":16},"6":{"name":"create","decl":{"start":{"line":17,"column":4},"end":{"line":25,"column":120}},"loc":{"start":{"line":17,"column":4},"end":{"line":25,"column":120}},"line":17},"7":{"name":"create","decl":{"start":{"line":22,"column":15},"end":{"line":30,"column":2}},"loc":{"start":{"line":22,"column":15},"end":{"line":30,"column":2}},"line":22},"8":{"name":"update","decl":{"start":{"line":26,"column":33},"end":{"line":36,"column":100}},"loc":{"start":{"line":26,"column":33},"end":{"line":36,"column":100}},"line":26},"9":{"name":"update","decl":{"start":{"line":33,"column":15},"end":{"line":41,"column":2}},"loc":{"start":{"line":33,"column":15},"end":{"line":41,"column":2}},"line":33},"10":{"name":"deleteUser","decl":{"start":{"line":37,"column":15},"end":{"line":44,"column":16}},"loc":{"start":{"line":37,"column":15},"end":{"line":44,"column":16}},"line":37},"11":{"name":"deleteUser","decl":{"start":{"line":44,"column":19},"end":{"line":47,"column":2}},"loc":{"start":{"line":44,"column":19},"end":{"line":47,"column":2}},"line":44}},"f":{"0":2,"1":3,"2":1,"3":1,"4":3,"5":1,"6":2,"7":1,"8":3,"9":1,"10":3,"11":1}}
,"C:\\Apps\\SWE5006\\backend\\src\\routes\\userRoutes.js": {"path":"C:\\Apps\\SWE5006\\backend\\src\\routes\\userRoutes.js","all":false,"statementMap":{"0":{"start":{"line":1,"column":0},"end":{"line":1,"column":35}},"1":{"start":{"line":2,"column":0},"end":{"line":2,"column":32}},"2":{"start":{"line":3,"column":0},"end":{"line":3,"column":64}},"3":{"start":{"line":4,"column":0},"end":{"line":4,"column":0}},"4":{"start":{"line":5,"column":0},"end":{"line":5,"column":44}},"5":{"start":{"line":6,"column":0},"end":{"line":6,"column":47}},"6":{"start":{"line":7,"column":0},"end":{"line":7,"column":44}},"7":{"start":{"line":8,"column":0},"end":{"line":8,"column":46}},"8":{"start":{"line":9,"column":0},"end":{"line":9,"column":49}},"9":{"start":{"line":10,"column":0},"end":{"line":10,"column":0}},"10":{"start":{"line":11,"column":0},"end":{"line":11,"column":24}}},"s":{"0":2,"1":2,"2":2,"3":2,"4":2,"5":1,"6":1,"7":1,"8":1,"9":1,"10":1},"branchMap":{"0":{"type":"branch","line":1,"loc":{"start":{"line":1,"column":0},"end":{"line":6,"column":45}},"locations":[{"start":{"line":1,"column":0},"end":{"line":6,"column":45}}]}},"b":{"0":[2]},"fnMap":{},"f":{}}
}
